[0.478s] Invoking command in '/home/andrei/lidar_guard_ws/build/lidar_guard': DEBUGINFOD_URLS=https://debuginfod.ubuntu.com PYTHONPATH=/home/andrei/lidar_guard_ws/build/lidar_guard/prefix_override:/usr/lib/python3/dist-packages/colcon_core/task/python/colcon_distutils_commands:/home/andrei/lidar_guard_ws/install/lidar_guard/lib/python3.12/site-packages:${PYTHONPATH} /usr/bin/python3 -W ignore:setup.py install is deprecated -W ignore:easy_install command is deprecated setup.py develop --editable --build-directory /home/andrei/lidar_guard_ws/build/lidar_guard/build --no-deps symlink_data
[0.674s] running develop
[0.783s] running egg_info
[0.783s] creating lidar_guard.egg-info
[0.794s] writing lidar_guard.egg-info/PKG-INFO
[0.794s] writing dependency_links to lidar_guard.egg-info/dependency_links.txt
[0.794s] writing entry points to lidar_guard.egg-info/entry_points.txt
[0.794s] writing requirements to lidar_guard.egg-info/requires.txt
[0.794s] writing top-level names to lidar_guard.egg-info/top_level.txt
[0.794s] writing manifest file 'lidar_guard.egg-info/SOURCES.txt'
[0.816s] reading manifest file 'lidar_guard.egg-info/SOURCES.txt'
[0.817s] writing manifest file 'lidar_guard.egg-info/SOURCES.txt'
[0.828s] running build_ext
[0.828s] Creating /home/andrei/lidar_guard_ws/install/lidar_guard/lib/python3.12/site-packages/lidar-guard.egg-link (link to .)
[0.829s] Installing fake_scan_node script to /home/andrei/lidar_guard_ws/install/lidar_guard/lib/lidar_guard
[0.829s] Installing guard_node script to /home/andrei/lidar_guard_ws/install/lidar_guard/lib/lidar_guard
[0.829s] Installing gui_node script to /home/andrei/lidar_guard_ws/install/lidar_guard/lib/lidar_guard
[0.829s] 
[0.829s] Installed /home/andrei/lidar_guard_ws/build/lidar_guard
[0.829s] running symlink_data
[0.829s] creating /home/andrei/lidar_guard_ws/install/lidar_guard/share/ament_index
[0.829s] creating /home/andrei/lidar_guard_ws/install/lidar_guard/share/ament_index/resource_index
[0.829s] creating /home/andrei/lidar_guard_ws/install/lidar_guard/share/ament_index/resource_index/packages
[0.829s] symbolically linking /home/andrei/lidar_guard_ws/build/lidar_guard/resource/lidar_guard -> /home/andrei/lidar_guard_ws/install/lidar_guard/share/ament_index/resource_index/packages
[0.829s] symbolically linking /home/andrei/lidar_guard_ws/build/lidar_guard/package.xml -> /home/andrei/lidar_guard_ws/install/lidar_guard/share/lidar_guard
[0.830s] creating /home/andrei/lidar_guard_ws/install/lidar_guard/share/lidar_guard/config
[0.830s] symbolically linking /home/andrei/lidar_guard_ws/build/lidar_guard/config/lidar.yaml -> /home/andrei/lidar_guard_ws/install/lidar_guard/share/lidar_guard/config
[0.830s] creating /home/andrei/lidar_guard_ws/install/lidar_guard/share/lidar_guard/launch
[0.830s] symbolically linking /home/andrei/lidar_guard_ws/build/lidar_guard/launch/guard_demo.launch.py -> /home/andrei/lidar_guard_ws/install/lidar_guard/share/lidar_guard/launch
[0.830s] symbolically linking /home/andrei/lidar_guard_ws/build/lidar_guard/launch/guard_gui_demo.launch.py -> /home/andrei/lidar_guard_ws/install/lidar_guard/share/lidar_guard/launch
[0.830s] symbolically linking /home/andrei/lidar_guard_ws/build/lidar_guard/README.md -> /home/andrei/lidar_guard_ws/install/lidar_guard/share/lidar_guard
[0.849s] Invoked command in '/home/andrei/lidar_guard_ws/build/lidar_guard' returned '0': DEBUGINFOD_URLS=https://debuginfod.ubuntu.com PYTHONPATH=/home/andrei/lidar_guard_ws/build/lidar_guard/prefix_override:/usr/lib/python3/dist-packages/colcon_core/task/python/colcon_distutils_commands:/home/andrei/lidar_guard_ws/install/lidar_guard/lib/python3.12/site-packages:${PYTHONPATH} /usr/bin/python3 -W ignore:setup.py install is deprecated -W ignore:easy_install command is deprecated setup.py develop --editable --build-directory /home/andrei/lidar_guard_ws/build/lidar_guard/build --no-deps symlink_data
