running develop
running egg_info
creating lidar_guard.egg-info
writing lidar_guard.egg-info/PKG-INFO
writing dependency_links to lidar_guard.egg-info/dependency_links.txt
writing requirements to lidar_guard.egg-info/requires.txt
writing top-level names to lidar_guard.egg-info/top_level.txt
writing manifest file 'lidar_guard.egg-info/SOURCES.txt'
reading manifest file 'lidar_guard.egg-info/SOURCES.txt'
writing manifest file 'lidar_guard.egg-info/SOURCES.txt'
running build_ext
Creating /home/andrei/ros2_ws/src/install/lidar_guard/lib/python3.12/site-packages/lidar-guard.egg-link (link to .)

Installed /home/andrei/ros2_ws/src/build/lidar_guard
running symlink_data
creating /home/andrei/ros2_ws/src/install/lidar_guard/share/ament_index
creating /home/andrei/ros2_ws/src/install/lidar_guard/share/ament_index/resource_index
creating /home/andrei/ros2_ws/src/install/lidar_guard/share/ament_index/resource_index/packages
symbolically linking /home/andrei/ros2_ws/src/build/lidar_guard/resource/lidar_guard -> /home/andrei/ros2_ws/src/install/lidar_guard/share/ament_index/resource_index/packages
symbolically linking /home/andrei/ros2_ws/src/build/lidar_guard/package.xml -> /home/andrei/ros2_ws/src/install/lidar_guard/share/lidar_guard
creating /home/andrei/ros2_ws/src/install/lidar_guard/share/lidar_guard/launch
symbolically linking /home/andrei/ros2_ws/src/build/lidar_guard/launch/bringup.launch.py -> /home/andrei/ros2_ws/src/install/lidar_guard/share/lidar_guard/launch
