[0.434s] Invoking command in '/home/andrei/ros2_ws/src/build/lidar_guard': AMENT_PREFIX_PATH=/home/andrei/ros2_ws/src/install/sllidar_ros2:${AMENT_PREFIX_PATH} CMAKE_PREFIX_PATH=/home/andrei/ros2_ws/src/install/sllidar_ros2:${CMAKE_PREFIX_PATH} DEBUGINFOD_URLS=https://debuginfod.ubuntu.com PYTHONPATH=/home/andrei/ros2_ws/src/build/lidar_guard/prefix_override:/usr/lib/python3/dist-packages/colcon_core/task/python/colcon_distutils_commands:/home/andrei/ros2_ws/src/install/lidar_guard/lib/python3.12/site-packages:${PYTHONPATH} /usr/bin/python3 -W ignore:setup.py install is deprecated -W ignore:easy_install command is deprecated setup.py develop --editable --build-directory /home/andrei/ros2_ws/src/build/lidar_guard/build --no-deps symlink_data
[0.580s] running develop
[0.666s] running egg_info
[0.666s] creating lidar_guard.egg-info
[0.674s] writing lidar_guard.egg-info/PKG-INFO
[0.674s] writing dependency_links to lidar_guard.egg-info/dependency_links.txt
[0.674s] writing requirements to lidar_guard.egg-info/requires.txt
[0.674s] writing top-level names to lidar_guard.egg-info/top_level.txt
[0.674s] writing manifest file 'lidar_guard.egg-info/SOURCES.txt'
[0.691s] reading manifest file 'lidar_guard.egg-info/SOURCES.txt'
[0.691s] writing manifest file 'lidar_guard.egg-info/SOURCES.txt'
[0.700s] running build_ext
[0.700s] Creating /home/andrei/ros2_ws/src/install/lidar_guard/lib/python3.12/site-packages/lidar-guard.egg-link (link to .)
[0.700s] 
[0.700s] Installed /home/andrei/ros2_ws/src/build/lidar_guard
[0.701s] running symlink_data
[0.701s] creating /home/andrei/ros2_ws/src/install/lidar_guard/share/ament_index
[0.701s] creating /home/andrei/ros2_ws/src/install/lidar_guard/share/ament_index/resource_index
[0.701s] creating /home/andrei/ros2_ws/src/install/lidar_guard/share/ament_index/resource_index/packages
[0.701s] symbolically linking /home/andrei/ros2_ws/src/build/lidar_guard/resource/lidar_guard -> /home/andrei/ros2_ws/src/install/lidar_guard/share/ament_index/resource_index/packages
[0.701s] symbolically linking /home/andrei/ros2_ws/src/build/lidar_guard/package.xml -> /home/andrei/ros2_ws/src/install/lidar_guard/share/lidar_guard
[0.701s] creating /home/andrei/ros2_ws/src/install/lidar_guard/share/lidar_guard/launch
[0.701s] symbolically linking /home/andrei/ros2_ws/src/build/lidar_guard/launch/bringup.launch.py -> /home/andrei/ros2_ws/src/install/lidar_guard/share/lidar_guard/launch
[0.714s] Invoked command in '/home/andrei/ros2_ws/src/build/lidar_guard' returned '0': AMENT_PREFIX_PATH=/home/andrei/ros2_ws/src/install/sllidar_ros2:${AMENT_PREFIX_PATH} CMAKE_PREFIX_PATH=/home/andrei/ros2_ws/src/install/sllidar_ros2:${CMAKE_PREFIX_PATH} DEBUGINFOD_URLS=https://debuginfod.ubuntu.com PYTHONPATH=/home/andrei/ros2_ws/src/build/lidar_guard/prefix_override:/usr/lib/python3/dist-packages/colcon_core/task/python/colcon_distutils_commands:/home/andrei/ros2_ws/src/install/lidar_guard/lib/python3.12/site-packages:${PYTHONPATH} /usr/bin/python3 -W ignore:setup.py install is deprecated -W ignore:easy_install command is deprecated setup.py develop --editable --build-directory /home/andrei/ros2_ws/src/build/lidar_guard/build --no-deps symlink_data
