[0.048s] DEBUG:colcon:Command line arguments: ['/usr/bin/colcon', 'build', '--symlink-install']
[0.048s] DEBUG:colcon:Parsed command line arguments: Namespace(log_base=None, log_level=None, verb_name='build', build_base='build', install_base='install', merge_install=False, symlink_install=True, test_result_base=None, continue_on_error=False, executor='parallel', parallel_workers=20, event_handlers=None, ignore_user_meta=False, metas=['./colcon.meta'], base_paths=['.'], packages_ignore=None, packages_ignore_regex=None, paths=None, packages_up_to=None, packages_up_to_regex=None, packages_above=None, packages_above_and_dependencies=None, packages_above_depth=None, packages_select_by_dep=None, packages_skip_by_dep=None, packages_skip_up_to=None, packages_select_build_failed=False, packages_skip_build_finished=False, packages_select_test_failures=False, packages_skip_test_passed=False, packages_select=None, packages_skip=None, packages_select_regex=None, packages_skip_regex=None, packages_start=None, packages_end=None, allow_overriding=[], cmake_args=None, cmake_target=None, cmake_target_skip_unavailable=False, cmake_clean_cache=False, cmake_clean_first=False, cmake_force_configure=False, ament_cmake_args=None, catkin_cmake_args=None, catkin_skip_building_tests=False, mixin_files=None, mixin=None, verb_parser=<colcon_mixin.mixin.mixin_argument.MixinArgumentDecorator object at 0x7c6dfe3485c0>, verb_extension=<colcon_core.verb.build.BuildVerb object at 0x7c6dfe2c2240>, main=<bound method BuildVerb.main of <colcon_core.verb.build.BuildVerb object at 0x7c6dfe2c2240>>, mixin_verb=('build',))
[0.066s] Level 1:colcon.colcon_core.package_discovery:discover_packages(colcon_meta) check parameters
[0.066s] Level 1:colcon.colcon_core.package_discovery:discover_packages(recursive) check parameters
[0.066s] Level 1:colcon.colcon_core.package_discovery:discover_packages(ignore) check parameters
[0.066s] Level 1:colcon.colcon_core.package_discovery:discover_packages(path) check parameters
[0.066s] Level 1:colcon.colcon_core.package_discovery:discover_packages(colcon_meta) discover
[0.066s] Level 1:colcon.colcon_core.package_discovery:discover_packages(recursive) discover
[0.066s] INFO:colcon.colcon_core.package_discovery:Crawling recursively for packages in '/home/andrei/ros2_ws/src'
[0.066s] Level 1:colcon.colcon_core.package_identification:_identify(.) by extensions ['ignore', 'ignore_ament_install']
[0.066s] Level 1:colcon.colcon_core.package_identification:_identify(.) by extension 'ignore'
[0.066s] Level 1:colcon.colcon_core.package_identification:_identify(.) by extension 'ignore_ament_install'
[0.066s] Level 1:colcon.colcon_core.package_identification:_identify(.) by extensions ['colcon_pkg']
[0.066s] Level 1:colcon.colcon_core.package_identification:_identify(.) by extension 'colcon_pkg'
[0.066s] Level 1:colcon.colcon_core.package_identification:_identify(.) by extensions ['colcon_meta']
[0.066s] Level 1:colcon.colcon_core.package_identification:_identify(.) by extension 'colcon_meta'
[0.066s] Level 1:colcon.colcon_core.package_identification:_identify(.) by extensions ['ros']
[0.066s] Level 1:colcon.colcon_core.package_identification:_identify(.) by extension 'ros'
[0.079s] Level 1:colcon.colcon_core.package_identification:_identify(.) by extensions ['cmake', 'python']
[0.079s] Level 1:colcon.colcon_core.package_identification:_identify(.) by extension 'cmake'
[0.079s] Level 1:colcon.colcon_core.package_identification:_identify(.) by extension 'python'
[0.079s] Level 1:colcon.colcon_core.package_identification:_identify(.) by extensions ['python_setup_py']
[0.079s] Level 1:colcon.colcon_core.package_identification:_identify(.) by extension 'python_setup_py'
[0.079s] Level 1:colcon.colcon_core.package_identification:_identify(build) by extensions ['ignore', 'ignore_ament_install']
[0.079s] Level 1:colcon.colcon_core.package_identification:_identify(build) by extension 'ignore'
[0.079s] Level 1:colcon.colcon_core.package_identification:_identify(build) ignored
[0.079s] Level 1:colcon.colcon_core.package_identification:_identify(install) by extensions ['ignore', 'ignore_ament_install']
[0.079s] Level 1:colcon.colcon_core.package_identification:_identify(install) by extension 'ignore'
[0.079s] Level 1:colcon.colcon_core.package_identification:_identify(install) ignored
[0.079s] Level 1:colcon.colcon_core.package_identification:_identify(lidar_guard) by extensions ['ignore', 'ignore_ament_install']
[0.079s] Level 1:colcon.colcon_core.package_identification:_identify(lidar_guard) by extension 'ignore'
[0.079s] Level 1:colcon.colcon_core.package_identification:_identify(lidar_guard) by extension 'ignore_ament_install'
[0.079s] Level 1:colcon.colcon_core.package_identification:_identify(lidar_guard) by extensions ['colcon_pkg']
[0.079s] Level 1:colcon.colcon_core.package_identification:_identify(lidar_guard) by extension 'colcon_pkg'
[0.079s] Level 1:colcon.colcon_core.package_identification:_identify(lidar_guard) by extensions ['colcon_meta']
[0.079s] Level 1:colcon.colcon_core.package_identification:_identify(lidar_guard) by extension 'colcon_meta'
[0.079s] Level 1:colcon.colcon_core.package_identification:_identify(lidar_guard) by extensions ['ros']
[0.079s] Level 1:colcon.colcon_core.package_identification:_identify(lidar_guard) by extension 'ros'
[0.080s] DEBUG:colcon.colcon_core.package_identification:Package 'lidar_guard' with type 'ros.ament_python' and name 'lidar_guard'
[0.080s] Level 1:colcon.colcon_core.package_identification:_identify(log) by extensions ['ignore', 'ignore_ament_install']
[0.080s] Level 1:colcon.colcon_core.package_identification:_identify(log) by extension 'ignore'
[0.081s] Level 1:colcon.colcon_core.package_identification:_identify(log) ignored
[0.081s] Level 1:colcon.colcon_core.package_identification:_identify(sllidar_ros2) by extensions ['ignore', 'ignore_ament_install']
[0.081s] Level 1:colcon.colcon_core.package_identification:_identify(sllidar_ros2) by extension 'ignore'
[0.081s] Level 1:colcon.colcon_core.package_identification:_identify(sllidar_ros2) by extension 'ignore_ament_install'
[0.081s] Level 1:colcon.colcon_core.package_identification:_identify(sllidar_ros2) by extensions ['colcon_pkg']
[0.081s] Level 1:colcon.colcon_core.package_identification:_identify(sllidar_ros2) by extension 'colcon_pkg'
[0.081s] Level 1:colcon.colcon_core.package_identification:_identify(sllidar_ros2) by extensions ['colcon_meta']
[0.081s] Level 1:colcon.colcon_core.package_identification:_identify(sllidar_ros2) by extension 'colcon_meta'
[0.081s] Level 1:colcon.colcon_core.package_identification:_identify(sllidar_ros2) by extensions ['ros']
[0.081s] Level 1:colcon.colcon_core.package_identification:_identify(sllidar_ros2) by extension 'ros'
[0.081s] DEBUG:colcon.colcon_core.package_identification:Package 'sllidar_ros2' with type 'ros.ament_cmake' and name 'sllidar_ros2'
[0.081s] Level 1:colcon.colcon_core.package_identification:_identify(tools) by extensions ['ignore', 'ignore_ament_install']
[0.081s] Level 1:colcon.colcon_core.package_identification:_identify(tools) by extension 'ignore'
[0.081s] Level 1:colcon.colcon_core.package_identification:_identify(tools) by extension 'ignore_ament_install'
[0.081s] Level 1:colcon.colcon_core.package_identification:_identify(tools) by extensions ['colcon_pkg']
[0.081s] Level 1:colcon.colcon_core.package_identification:_identify(tools) by extension 'colcon_pkg'
[0.081s] Level 1:colcon.colcon_core.package_identification:_identify(tools) by extensions ['colcon_meta']
[0.081s] Level 1:colcon.colcon_core.package_identification:_identify(tools) by extension 'colcon_meta'
[0.081s] Level 1:colcon.colcon_core.package_identification:_identify(tools) by extensions ['ros']
[0.081s] Level 1:colcon.colcon_core.package_identification:_identify(tools) by extension 'ros'
[0.081s] Level 1:colcon.colcon_core.package_identification:_identify(tools) by extensions ['cmake', 'python']
[0.081s] Level 1:colcon.colcon_core.package_identification:_identify(tools) by extension 'cmake'
[0.081s] Level 1:colcon.colcon_core.package_identification:_identify(tools) by extension 'python'
[0.081s] Level 1:colcon.colcon_core.package_identification:_identify(tools) by extensions ['python_setup_py']
[0.081s] Level 1:colcon.colcon_core.package_identification:_identify(tools) by extension 'python_setup_py'
[0.081s] Level 1:colcon.colcon_core.package_discovery:discover_packages(recursive) using defaults
[0.081s] Level 1:colcon.colcon_core.package_discovery:discover_packages(ignore) discover
[0.081s] Level 1:colcon.colcon_core.package_discovery:discover_packages(ignore) using defaults
[0.081s] Level 1:colcon.colcon_core.package_discovery:discover_packages(path) discover
[0.081s] Level 1:colcon.colcon_core.package_discovery:discover_packages(path) using defaults
[0.090s] Level 1:colcon.colcon_core.package_discovery:discover_packages(prefix_path) check parameters
[0.090s] Level 1:colcon.colcon_core.package_discovery:discover_packages(prefix_path) discover
[0.091s] DEBUG:colcon.colcon_installed_package_information.package_discovery:Found 1 installed packages in /home/andrei/ros2_ws/install
[0.091s] DEBUG:colcon.colcon_installed_package_information.package_discovery:Found 315 installed packages in /opt/ros/jazzy
[0.092s] Level 1:colcon.colcon_core.package_discovery:discover_packages(prefix_path) using defaults
[0.111s] Level 5:colcon.colcon_core.verb:set package 'sllidar_ros2' build argument 'cmake_args' from command line to 'None'
[0.111s] Level 5:colcon.colcon_core.verb:set package 'sllidar_ros2' build argument 'cmake_target' from command line to 'None'
[0.111s] Level 5:colcon.colcon_core.verb:set package 'sllidar_ros2' build argument 'cmake_target_skip_unavailable' from command line to 'False'
[0.111s] Level 5:colcon.colcon_core.verb:set package 'sllidar_ros2' build argument 'cmake_clean_cache' from command line to 'False'
[0.111s] Level 5:colcon.colcon_core.verb:set package 'sllidar_ros2' build argument 'cmake_clean_first' from command line to 'False'
[0.111s] Level 5:colcon.colcon_core.verb:set package 'sllidar_ros2' build argument 'cmake_force_configure' from command line to 'False'
[0.111s] Level 5:colcon.colcon_core.verb:set package 'sllidar_ros2' build argument 'ament_cmake_args' from command line to 'None'
[0.111s] Level 5:colcon.colcon_core.verb:set package 'sllidar_ros2' build argument 'catkin_cmake_args' from command line to 'None'
[0.111s] Level 5:colcon.colcon_core.verb:set package 'sllidar_ros2' build argument 'catkin_skip_building_tests' from command line to 'False'
[0.111s] DEBUG:colcon.colcon_core.verb:Building package 'sllidar_ros2' with the following arguments: {'ament_cmake_args': None, 'build_base': '/home/andrei/ros2_ws/src/build/sllidar_ros2', 'catkin_cmake_args': None, 'catkin_skip_building_tests': False, 'cmake_args': None, 'cmake_clean_cache': False, 'cmake_clean_first': False, 'cmake_force_configure': False, 'cmake_target': None, 'cmake_target_skip_unavailable': False, 'install_base': '/home/andrei/ros2_ws/src/install/sllidar_ros2', 'merge_install': False, 'path': '/home/andrei/ros2_ws/src/sllidar_ros2', 'symlink_install': True, 'test_result_base': None}
[0.111s] Level 5:colcon.colcon_core.verb:set package 'lidar_guard' build argument 'cmake_args' from command line to 'None'
[0.111s] Level 5:colcon.colcon_core.verb:set package 'lidar_guard' build argument 'cmake_target' from command line to 'None'
[0.111s] Level 5:colcon.colcon_core.verb:set package 'lidar_guard' build argument 'cmake_target_skip_unavailable' from command line to 'False'
[0.111s] Level 5:colcon.colcon_core.verb:set package 'lidar_guard' build argument 'cmake_clean_cache' from command line to 'False'
[0.111s] Level 5:colcon.colcon_core.verb:set package 'lidar_guard' build argument 'cmake_clean_first' from command line to 'False'
[0.111s] Level 5:colcon.colcon_core.verb:set package 'lidar_guard' build argument 'cmake_force_configure' from command line to 'False'
[0.111s] Level 5:colcon.colcon_core.verb:set package 'lidar_guard' build argument 'ament_cmake_args' from command line to 'None'
[0.111s] Level 5:colcon.colcon_core.verb:set package 'lidar_guard' build argument 'catkin_cmake_args' from command line to 'None'
[0.111s] Level 5:colcon.colcon_core.verb:set package 'lidar_guard' build argument 'catkin_skip_building_tests' from command line to 'False'
[0.111s] DEBUG:colcon.colcon_core.verb:Building package 'lidar_guard' with the following arguments: {'ament_cmake_args': None, 'build_base': '/home/andrei/ros2_ws/src/build/lidar_guard', 'catkin_cmake_args': None, 'catkin_skip_building_tests': False, 'cmake_args': None, 'cmake_clean_cache': False, 'cmake_clean_first': False, 'cmake_force_configure': False, 'cmake_target': None, 'cmake_target_skip_unavailable': False, 'install_base': '/home/andrei/ros2_ws/src/install/lidar_guard', 'merge_install': False, 'path': '/home/andrei/ros2_ws/src/lidar_guard', 'symlink_install': True, 'test_result_base': None}
[0.111s] INFO:colcon.colcon_core.executor:Executing jobs using 'parallel' executor
[0.112s] DEBUG:colcon.colcon_parallel_executor.executor.parallel:run_until_complete
[0.112s] INFO:colcon.colcon_ros.task.ament_cmake.build:Building ROS package in '/home/andrei/ros2_ws/src/sllidar_ros2' with build type 'ament_cmake'
[0.112s] INFO:colcon.colcon_cmake.task.cmake.build:Building CMake package in '/home/andrei/ros2_ws/src/sllidar_ros2'
[0.113s] INFO:colcon.colcon_core.plugin_system:Skipping extension 'colcon_core.shell.bat': Not used on non-Windows systems
[0.113s] INFO:colcon.colcon_core.shell:Skip shell extension 'powershell' for command environment: Not usable outside of PowerShell
[0.113s] DEBUG:colcon.colcon_core.shell:Skip shell extension 'dsv' for command environment
[0.118s] DEBUG:colcon.colcon_core.event_handler.log_command:Invoking command in '/home/andrei/ros2_ws/src/build/sllidar_ros2': CMAKE_PREFIX_PATH=${CMAKE_PREFIX_PATH}:/opt/ros/jazzy DEBUGINFOD_URLS=https://debuginfod.ubuntu.com /usr/bin/cmake /home/andrei/ros2_ws/src/sllidar_ros2 -DAMENT_CMAKE_SYMLINK_INSTALL=1 -DCMAKE_INSTALL_PREFIX=/home/andrei/ros2_ws/src/install/sllidar_ros2
[0.851s] DEBUG:colcon.colcon_core.event_handler.log_command:Invoked command in '/home/andrei/ros2_ws/src/build/sllidar_ros2' returned '0': CMAKE_PREFIX_PATH=${CMAKE_PREFIX_PATH}:/opt/ros/jazzy DEBUGINFOD_URLS=https://debuginfod.ubuntu.com /usr/bin/cmake /home/andrei/ros2_ws/src/sllidar_ros2 -DAMENT_CMAKE_SYMLINK_INSTALL=1 -DCMAKE_INSTALL_PREFIX=/home/andrei/ros2_ws/src/install/sllidar_ros2
[0.851s] DEBUG:colcon.colcon_core.event_handler.log_command:Invoking command in '/home/andrei/ros2_ws/src/build/sllidar_ros2': CMAKE_PREFIX_PATH=${CMAKE_PREFIX_PATH}:/opt/ros/jazzy DEBUGINFOD_URLS=https://debuginfod.ubuntu.com /usr/bin/cmake --build /home/andrei/ros2_ws/src/build/sllidar_ros2 -- -j20 -l20
[5.015s] DEBUG:colcon.colcon_core.event_handler.log_command:Invoked command in '/home/andrei/ros2_ws/src/build/sllidar_ros2' returned '0': CMAKE_PREFIX_PATH=${CMAKE_PREFIX_PATH}:/opt/ros/jazzy DEBUGINFOD_URLS=https://debuginfod.ubuntu.com /usr/bin/cmake --build /home/andrei/ros2_ws/src/build/sllidar_ros2 -- -j20 -l20
[5.022s] DEBUG:colcon.colcon_core.event_handler.log_command:Invoking command in '/home/andrei/ros2_ws/src/build/sllidar_ros2': CMAKE_PREFIX_PATH=${CMAKE_PREFIX_PATH}:/opt/ros/jazzy DEBUGINFOD_URLS=https://debuginfod.ubuntu.com /usr/bin/cmake --install /home/andrei/ros2_ws/src/build/sllidar_ros2
[5.271s] Level 1:colcon.colcon_core.environment:create_environment_scripts_only(sllidar_ros2)
[5.271s] DEBUG:colcon.colcon_core.event_handler.log_command:Invoked command in '/home/andrei/ros2_ws/src/build/sllidar_ros2' returned '0': CMAKE_PREFIX_PATH=${CMAKE_PREFIX_PATH}:/opt/ros/jazzy DEBUGINFOD_URLS=https://debuginfod.ubuntu.com /usr/bin/cmake --install /home/andrei/ros2_ws/src/build/sllidar_ros2
[5.273s] Level 1:colcon.colcon_core.environment:checking '/home/andrei/ros2_ws/src/install/sllidar_ros2' for CMake module files
[5.273s] Level 1:colcon.colcon_core.environment:checking '/home/andrei/ros2_ws/src/install/sllidar_ros2' for CMake config files
[5.273s] Level 1:colcon.colcon_core.shell:create_environment_hook('sllidar_ros2', 'cmake_prefix_path')
[5.274s] INFO:colcon.colcon_core.shell:Creating environment hook '/home/andrei/ros2_ws/src/install/sllidar_ros2/share/sllidar_ros2/hook/cmake_prefix_path.ps1'
[5.274s] INFO:colcon.colcon_core.shell:Creating environment descriptor '/home/andrei/ros2_ws/src/install/sllidar_ros2/share/sllidar_ros2/hook/cmake_prefix_path.dsv'
[5.274s] INFO:colcon.colcon_core.shell:Creating environment hook '/home/andrei/ros2_ws/src/install/sllidar_ros2/share/sllidar_ros2/hook/cmake_prefix_path.sh'
[5.275s] Level 1:colcon.colcon_core.environment:checking '/home/andrei/ros2_ws/src/install/sllidar_ros2/lib'
[5.275s] Level 1:colcon.colcon_core.environment:checking '/home/andrei/ros2_ws/src/install/sllidar_ros2/bin'
[5.275s] Level 1:colcon.colcon_core.environment:checking '/home/andrei/ros2_ws/src/install/sllidar_ros2/lib/pkgconfig/sllidar_ros2.pc'
[5.275s] Level 1:colcon.colcon_core.environment:checking '/home/andrei/ros2_ws/src/install/sllidar_ros2/lib/python3.12/site-packages'
[5.275s] Level 1:colcon.colcon_core.environment:checking '/home/andrei/ros2_ws/src/install/sllidar_ros2/bin'
[5.276s] INFO:colcon.colcon_core.shell:Creating package script '/home/andrei/ros2_ws/src/install/sllidar_ros2/share/sllidar_ros2/package.ps1'
[5.276s] INFO:colcon.colcon_core.shell:Creating package descriptor '/home/andrei/ros2_ws/src/install/sllidar_ros2/share/sllidar_ros2/package.dsv'
[5.276s] INFO:colcon.colcon_core.shell:Creating package script '/home/andrei/ros2_ws/src/install/sllidar_ros2/share/sllidar_ros2/package.sh'
[5.277s] INFO:colcon.colcon_core.shell:Creating package script '/home/andrei/ros2_ws/src/install/sllidar_ros2/share/sllidar_ros2/package.bash'
[5.277s] INFO:colcon.colcon_core.shell:Creating package script '/home/andrei/ros2_ws/src/install/sllidar_ros2/share/sllidar_ros2/package.zsh'
[5.278s] Level 1:colcon.colcon_core.environment:create_file_with_runtime_dependencies(/home/andrei/ros2_ws/src/install/sllidar_ros2/share/colcon-core/packages/sllidar_ros2)
[5.278s] Level 1:colcon.colcon_core.environment:create_environment_scripts_only(sllidar_ros2)
[5.278s] Level 1:colcon.colcon_core.environment:checking '/home/andrei/ros2_ws/src/install/sllidar_ros2' for CMake module files
[5.278s] Level 1:colcon.colcon_core.environment:checking '/home/andrei/ros2_ws/src/install/sllidar_ros2' for CMake config files
[5.278s] Level 1:colcon.colcon_core.shell:create_environment_hook('sllidar_ros2', 'cmake_prefix_path')
[5.278s] INFO:colcon.colcon_core.shell:Creating environment hook '/home/andrei/ros2_ws/src/install/sllidar_ros2/share/sllidar_ros2/hook/cmake_prefix_path.ps1'
[5.279s] INFO:colcon.colcon_core.shell:Creating environment descriptor '/home/andrei/ros2_ws/src/install/sllidar_ros2/share/sllidar_ros2/hook/cmake_prefix_path.dsv'
[5.279s] INFO:colcon.colcon_core.shell:Creating environment hook '/home/andrei/ros2_ws/src/install/sllidar_ros2/share/sllidar_ros2/hook/cmake_prefix_path.sh'
[5.279s] Level 1:colcon.colcon_core.environment:checking '/home/andrei/ros2_ws/src/install/sllidar_ros2/lib'
[5.279s] Level 1:colcon.colcon_core.environment:checking '/home/andrei/ros2_ws/src/install/sllidar_ros2/bin'
[5.279s] Level 1:colcon.colcon_core.environment:checking '/home/andrei/ros2_ws/src/install/sllidar_ros2/lib/pkgconfig/sllidar_ros2.pc'
[5.279s] Level 1:colcon.colcon_core.environment:checking '/home/andrei/ros2_ws/src/install/sllidar_ros2/lib/python3.12/site-packages'
[5.279s] Level 1:colcon.colcon_core.environment:checking '/home/andrei/ros2_ws/src/install/sllidar_ros2/bin'
[5.279s] INFO:colcon.colcon_core.shell:Creating package script '/home/andrei/ros2_ws/src/install/sllidar_ros2/share/sllidar_ros2/package.ps1'
[5.279s] INFO:colcon.colcon_core.shell:Creating package descriptor '/home/andrei/ros2_ws/src/install/sllidar_ros2/share/sllidar_ros2/package.dsv'
[5.280s] INFO:colcon.colcon_core.shell:Creating package script '/home/andrei/ros2_ws/src/install/sllidar_ros2/share/sllidar_ros2/package.sh'
[5.280s] INFO:colcon.colcon_core.shell:Creating package script '/home/andrei/ros2_ws/src/install/sllidar_ros2/share/sllidar_ros2/package.bash'
[5.280s] INFO:colcon.colcon_core.shell:Creating package script '/home/andrei/ros2_ws/src/install/sllidar_ros2/share/sllidar_ros2/package.zsh'
[5.280s] Level 1:colcon.colcon_core.environment:create_file_with_runtime_dependencies(/home/andrei/ros2_ws/src/install/sllidar_ros2/share/colcon-core/packages/sllidar_ros2)
[5.280s] INFO:colcon.colcon_ros.task.ament_python.build:Building ROS package in '/home/andrei/ros2_ws/src/lidar_guard' with build type 'ament_python'
[5.280s] Level 1:colcon.colcon_core.shell:create_environment_hook('lidar_guard', 'ament_prefix_path')
[5.280s] INFO:colcon.colcon_core.shell:Creating environment hook '/home/andrei/ros2_ws/src/install/lidar_guard/share/lidar_guard/hook/ament_prefix_path.ps1'
[5.281s] INFO:colcon.colcon_core.shell:Creating environment descriptor '/home/andrei/ros2_ws/src/install/lidar_guard/share/lidar_guard/hook/ament_prefix_path.dsv'
[5.281s] INFO:colcon.colcon_core.shell:Creating environment hook '/home/andrei/ros2_ws/src/install/lidar_guard/share/lidar_guard/hook/ament_prefix_path.sh'
[5.281s] INFO:colcon.colcon_core.shell:Skip shell extension 'powershell' for command environment: Not usable outside of PowerShell
[5.281s] DEBUG:colcon.colcon_core.shell:Skip shell extension 'dsv' for command environment
[5.386s] INFO:colcon.colcon_core.task.python.build:Building Python package in '/home/andrei/ros2_ws/src/lidar_guard'
[5.386s] INFO:colcon.colcon_core.shell:Skip shell extension 'powershell' for command environment: Not usable outside of PowerShell
[5.386s] DEBUG:colcon.colcon_core.shell:Skip shell extension 'dsv' for command environment
[5.718s] DEBUG:colcon.colcon_core.event_handler.log_command:Invoking command in '/home/andrei/ros2_ws/src/build/lidar_guard': AMENT_PREFIX_PATH=/home/andrei/ros2_ws/src/install/sllidar_ros2:${AMENT_PREFIX_PATH} CMAKE_PREFIX_PATH=/home/andrei/ros2_ws/src/install/sllidar_ros2:${CMAKE_PREFIX_PATH} DEBUGINFOD_URLS=https://debuginfod.ubuntu.com PYTHONPATH=/home/andrei/ros2_ws/src/build/lidar_guard/prefix_override:/usr/lib/python3/dist-packages/colcon_core/task/python/colcon_distutils_commands:/home/andrei/ros2_ws/src/install/lidar_guard/lib/python3.12/site-packages:${PYTHONPATH} /usr/bin/python3 -W ignore:setup.py install is deprecated -W ignore:easy_install command is deprecated setup.py develop --editable --build-directory /home/andrei/ros2_ws/src/build/lidar_guard/build --no-deps symlink_data
[5.997s] Level 1:colcon.colcon_core.shell:create_environment_hook('lidar_guard', 'pythonpath_develop')
[5.998s] INFO:colcon.colcon_core.shell:Creating environment hook '/home/andrei/ros2_ws/src/build/lidar_guard/share/lidar_guard/hook/pythonpath_develop.ps1'
[5.998s] DEBUG:colcon.colcon_core.event_handler.log_command:Invoked command in '/home/andrei/ros2_ws/src/build/lidar_guard' returned '0': AMENT_PREFIX_PATH=/home/andrei/ros2_ws/src/install/sllidar_ros2:${AMENT_PREFIX_PATH} CMAKE_PREFIX_PATH=/home/andrei/ros2_ws/src/install/sllidar_ros2:${CMAKE_PREFIX_PATH} DEBUGINFOD_URLS=https://debuginfod.ubuntu.com PYTHONPATH=/home/andrei/ros2_ws/src/build/lidar_guard/prefix_override:/usr/lib/python3/dist-packages/colcon_core/task/python/colcon_distutils_commands:/home/andrei/ros2_ws/src/install/lidar_guard/lib/python3.12/site-packages:${PYTHONPATH} /usr/bin/python3 -W ignore:setup.py install is deprecated -W ignore:easy_install command is deprecated setup.py develop --editable --build-directory /home/andrei/ros2_ws/src/build/lidar_guard/build --no-deps symlink_data
[5.998s] INFO:colcon.colcon_core.shell:Creating environment descriptor '/home/andrei/ros2_ws/src/build/lidar_guard/share/lidar_guard/hook/pythonpath_develop.dsv'
[5.998s] INFO:colcon.colcon_core.shell:Creating environment hook '/home/andrei/ros2_ws/src/build/lidar_guard/share/lidar_guard/hook/pythonpath_develop.sh'
[5.998s] Level 1:colcon.colcon_core.environment:checking '/home/andrei/ros2_ws/src/install/lidar_guard' for CMake module files
[5.998s] Level 1:colcon.colcon_core.environment:checking '/home/andrei/ros2_ws/src/install/lidar_guard' for CMake config files
[5.999s] Level 1:colcon.colcon_core.environment:checking '/home/andrei/ros2_ws/src/install/lidar_guard/lib'
[5.999s] Level 1:colcon.colcon_core.environment:checking '/home/andrei/ros2_ws/src/install/lidar_guard/bin'
[5.999s] Level 1:colcon.colcon_core.environment:checking '/home/andrei/ros2_ws/src/install/lidar_guard/lib/pkgconfig/lidar_guard.pc'
[5.999s] Level 1:colcon.colcon_core.environment:checking '/home/andrei/ros2_ws/src/install/lidar_guard/lib/python3.12/site-packages'
[5.999s] Level 1:colcon.colcon_core.shell:create_environment_hook('lidar_guard', 'pythonpath')
[5.999s] INFO:colcon.colcon_core.shell:Creating environment hook '/home/andrei/ros2_ws/src/install/lidar_guard/share/lidar_guard/hook/pythonpath.ps1'
[5.999s] INFO:colcon.colcon_core.shell:Creating environment descriptor '/home/andrei/ros2_ws/src/install/lidar_guard/share/lidar_guard/hook/pythonpath.dsv'
[5.999s] INFO:colcon.colcon_core.shell:Creating environment hook '/home/andrei/ros2_ws/src/install/lidar_guard/share/lidar_guard/hook/pythonpath.sh'
[5.999s] Level 1:colcon.colcon_core.environment:checking '/home/andrei/ros2_ws/src/install/lidar_guard/bin'
[6.000s] Level 1:colcon.colcon_core.environment:create_environment_scripts_only(lidar_guard)
[6.000s] INFO:colcon.colcon_core.shell:Creating package script '/home/andrei/ros2_ws/src/install/lidar_guard/share/lidar_guard/package.ps1'
[6.000s] INFO:colcon.colcon_core.shell:Creating package descriptor '/home/andrei/ros2_ws/src/install/lidar_guard/share/lidar_guard/package.dsv'
[6.000s] INFO:colcon.colcon_core.shell:Creating package script '/home/andrei/ros2_ws/src/install/lidar_guard/share/lidar_guard/package.sh'
[6.000s] INFO:colcon.colcon_core.shell:Creating package script '/home/andrei/ros2_ws/src/install/lidar_guard/share/lidar_guard/package.bash'
[6.000s] INFO:colcon.colcon_core.shell:Creating package script '/home/andrei/ros2_ws/src/install/lidar_guard/share/lidar_guard/package.zsh'
[6.000s] Level 1:colcon.colcon_core.environment:create_file_with_runtime_dependencies(/home/andrei/ros2_ws/src/install/lidar_guard/share/colcon-core/packages/lidar_guard)
[6.001s] DEBUG:colcon.colcon_parallel_executor.executor.parallel:closing loop
[6.001s] DEBUG:colcon.colcon_parallel_executor.executor.parallel:loop closed
[6.001s] DEBUG:colcon.colcon_parallel_executor.executor.parallel:run_until_complete finished with '0'
[6.001s] DEBUG:colcon.colcon_core.event_reactor:joining thread
[6.004s] INFO:colcon.colcon_core.plugin_system:Skipping extension 'colcon_notification.desktop_notification.terminal_notifier': Not used on non-Darwin systems
[6.004s] INFO:colcon.colcon_core.plugin_system:Skipping extension 'colcon_notification.desktop_notification.win32': Not used on non-Windows systems
[6.004s] INFO:colcon.colcon_notification.desktop_notification:Sending desktop notification using 'notify2'
[6.017s] DEBUG:colcon.colcon_core.event_reactor:joined thread
[6.017s] INFO:colcon.colcon_core.shell:Creating prefix script '/home/andrei/ros2_ws/src/install/local_setup.ps1'
[6.018s] INFO:colcon.colcon_core.shell:Creating prefix util module '/home/andrei/ros2_ws/src/install/_local_setup_util_ps1.py'
[6.018s] INFO:colcon.colcon_core.shell:Creating prefix chain script '/home/andrei/ros2_ws/src/install/setup.ps1'
[6.019s] INFO:colcon.colcon_core.shell:Creating prefix script '/home/andrei/ros2_ws/src/install/local_setup.sh'
[6.020s] INFO:colcon.colcon_core.shell:Creating prefix util module '/home/andrei/ros2_ws/src/install/_local_setup_util_sh.py'
[6.020s] INFO:colcon.colcon_core.shell:Creating prefix chain script '/home/andrei/ros2_ws/src/install/setup.sh'
[6.020s] INFO:colcon.colcon_core.shell:Creating prefix script '/home/andrei/ros2_ws/src/install/local_setup.bash'
[6.021s] INFO:colcon.colcon_core.shell:Creating prefix chain script '/home/andrei/ros2_ws/src/install/setup.bash'
[6.021s] INFO:colcon.colcon_core.shell:Creating prefix script '/home/andrei/ros2_ws/src/install/local_setup.zsh'
[6.021s] INFO:colcon.colcon_core.shell:Creating prefix chain script '/home/andrei/ros2_ws/src/install/setup.zsh'
